<?xml version="1.0" encoding="UTF-8"?>
<coverage generated="1725041140086" clover="3.2.0">
  <project timestamp="1725041140086" name="All files">
    <metrics statements="1" coveredstatements="1" conditionals="2" coveredconditionals="2" methods="2" coveredmethods="2" elements="5" coveredelements="5" complexity="0" loc="1" ncloc="1" packages="1" files="1" classes="1"/>
    <file name="sort.js" path="C:\Users\Егро\Desktop\Matchers\src\sort.js">
      <metrics statements="1" coveredstatements="1" conditionals="2" coveredconditionals="2" methods="2" coveredmethods="2"/>
      <line num="2" count="4" type="cond" truecount="2" falsecount="0"/>
    </file>
  </project>
</coverage>
