{"C:\\Users\\Егро\\Desktop\\Matchers\\src\\sort.js": {"path":"C:\\Users\\Егро\\Desktop\\Matchers\\src\\sort.js","statementMap":{"0":{"start":{"line":2,"column":4},"end":{"line":2,"column":78}},"1":{"start":{"line":2,"column":40},"end":{"line":2,"column":76}}},"fnMap":{"0":{"name":"sortChars","decl":{"start":{"line":1,"column":24},"end":{"line":1,"column":33}},"loc":{"start":{"line":1,"column":41},"end":{"line":3,"column":1}},"line":1},"1":{"name":"(anonymous_1)","decl":{"start":{"line":2,"column":22},"end":{"line":2,"column":23}},"loc":{"start":{"line":2,"column":40},"end":{"line":2,"column":76}},"line":2}},"branchMap":{"0":{"loc":{"start":{"line":2,"column":40},"end":{"line":2,"column":76}},"type":"cond-expr","locations":[{"start":{"line":2,"column":70},"end":{"line":2,"column":71}},{"start":{"line":2,"column":74},"end":{"line":2,"column":76}}],"line":2}},"s":{"0":1,"1":4},"f":{"0":1,"1":4},"b":{"0":[2,2]},"_coverageSchema":"1a1c01bbd47fc00a2c39e90264f33305004495a9","hash":"daa4c28d9c5c6bc8689af2aaa1b871b4a9784782"}
}
